# JRE version: Java(TM) SE Runtime Environment (8.0_161-b12) (build 1.8.0_161-b12)
# Java VM: Java HotSpot(TM) Client VM (25.161-b12 mixed mode windows-x86 )
Heap:
 def new generation   total 12608K, used 1911K [0x06c00000, 0x079a0000, 0x0c150000)
  eden space 11264K,   5% used [0x06c00000, 0x06c8dfd0, 0x07700000)
  from space 1344K, 100% used [0x07700000, 0x07850000, 0x07850000)
  to   space 1344K,   0% used [0x07850000, 0x07850000, 0x079a0000)
 tenured generation   total 27792K, used 18555K [0x0c150000, 0x0dc74000, 0x16c00000)
   the space 27792K,  66% used [0x0c150000, 0x0d36ef28, 0x0c52b400, 0x0dc74000)
 Metaspace       used 9578K, capacity 9802K, committed 9856K, reserved 10624K
GC Heap History (10 events):
Event: 8413.776 GC heap after
Heap after GC invocations=1103 (full 56):
 def new generation   total 12608K, used 319K [0x06c00000, 0x079a0000, 0x0c150000)
  eden space 11264K,   0% used [0x06c00000, 0x06c00000, 0x07700000)
  from space 1344K,  23% used [0x07700000, 0x0774fe48, 0x07850000)
  to   space 1344K,   0% used [0x07850000, 0x07850000, 0x079a0000)
 tenured generation   total 27792K, used 17505K [0x0c150000, 0x0dc74000, 0x16c00000)
   the space 27792K,  62% used [0x0c150000, 0x0d268660, 0x0d268800, 0x0dc74000)
 Metaspace       used 9578K, capacity 9802K, committed 9856K, reserved 10624K
}
Event: 8414.493 GC heap before
{Heap before GC invocations=1103 (full 56):
 def new generation   total 12608K, used 11583K [0x06c00000, 0x079a0000, 0x0c150000)
  eden space 11264K, 100% used [0x06c00000, 0x07700000, 0x07700000)
  from space 1344K,  23% used [0x07700000, 0x0774fe48, 0x07850000)
  to   space 1344K,   0% used [0x07850000, 0x07850000, 0x079a0000)
 tenured generation   total 27792K, used 17505K [0x0c150000, 0x0dc74000, 0x16c00000)
   the space 27792K,  62% used [0x0c150000, 0x0d268660, 0x0d268800, 0x0dc74000)
 Metaspace       used 9578K, capacity 9802K, committed 9856K, reserved 10624K
Event: 8414.494 GC heap after
Heap after GC invocations=1104 (full 56):
 def new generation   total 12608K, used 183K [0x06c00000, 0x079a0000, 0x0c150000)
  eden space 11264K,   0% used [0x06c00000, 0x06c00000, 0x07700000)
  from space 1344K,  13% used [0x07850000, 0x0787dc68, 0x079a0000)
  to   space 1344K,   0% used [0x07700000, 0x07700000, 0x07850000)
 tenured generation   total 27792K, used 17505K [0x0c150000, 0x0dc74000, 0x16c00000)
   the space 27792K,  62% used [0x0c150000, 0x0d268660, 0x0d268800, 0x0dc74000)
 Metaspace       used 9578K, capacity 9802K, committed 9856K, reserved 10624K
}
Event: 8414.879 GC heap before
{Heap before GC invocations=1104 (full 56):
 def new generation   total 12608K, used 11447K [0x06c00000, 0x079a0000, 0x0c150000)
  eden space 11264K, 100% used [0x06c00000, 0x07700000, 0x07700000)
  from space 1344K,  13% used [0x07850000, 0x0787dc68, 0x079a0000)
  to   space 1344K,   0% used [0x07700000, 0x07700000, 0x07850000)
 tenured generation   total 27792K, used 17505K [0x0c150000, 0x0dc74000, 0x16c00000)
   the space 27792K,  62% used [0x0c150000, 0x0d268660, 0x0d268800, 0x0dc74000)
 Metaspace       used 9578K, capacity 9802K, committed 9856K, reserved 10624K
Event: 8414.880 GC heap after
Heap after GC invocations=1105 (full 56):
 def new generation   total 12608K, used 386K [0x06c00000, 0x079a0000, 0x0c150000)
  eden space 11264K,   0% used [0x06c00000, 0x06c00000, 0x07700000)
  from space 1344K,  28% used [0x07700000, 0x077608d0, 0x07850000)
  to   space 1344K,   0% used [0x07850000, 0x07850000, 0x079a0000)
 tenured generation   total 27792K, used 17505K [0x0c150000, 0x0dc74000, 0x16c00000)
   the space 27792K,  62% used [0x0c150000, 0x0d268660, 0x0d268800, 0x0dc74000)
 Metaspace       used 9578K, capacity 9802K, committed 9856K, reserved 10624K
}
Event: 10280.375 GC heap before
{Heap before GC invocations=1105 (full 56):
 def new generation   total 12608K, used 11650K [0x06c00000, 0x079a0000, 0x0c150000)
  eden space 11264K, 100% used [0x06c00000, 0x07700000, 0x07700000)
  from space 1344K,  28% used [0x07700000, 0x077608d0, 0x07850000)
  to   space 1344K,   0% used [0x07850000, 0x07850000, 0x079a0000)
 tenured generation   total 27792K, used 17505K [0x0c150000, 0x0dc74000, 0x16c00000)
   the space 27792K,  62% used [0x0c150000, 0x0d268660, 0x0d268800, 0x0dc74000)
 Metaspace       used 9578K, capacity 9802K, committed 9856K, reserved 10624K
Event: 10280.376 GC heap after
Heap after GC invocations=1106 (full 56):
 def new generation   total 12608K, used 280K [0x06c00000, 0x079a0000, 0x0c150000)
  eden space 11264K,   0% used [0x06c00000, 0x06c00000, 0x07700000)
  from space 1344K,  20% used [0x07850000, 0x078962b8, 0x079a0000)
  to   space 1344K,   0% used [0x07700000, 0x07700000, 0x07850000)
 tenured generation   total 27792K, used 17505K [0x0c150000, 0x0dc74000, 0x16c00000)
   the space 27792K,  62% used [0x0c150000, 0x0d268660, 0x0d268800, 0x0dc74000)
 Metaspace       used 9578K, capacity 9802K, committed 9856K, reserved 10624K
}
Event: 10891.509 GC heap before
{Heap before GC invocations=1106 (full 56):
 def new generation   total 12608K, used 11544K [0x06c00000, 0x079a0000, 0x0c150000)
  eden space 11264K, 100% used [0x06c00000, 0x07700000, 0x07700000)
  from space 1344K,  20% used [0x07850000, 0x078962b8, 0x079a0000)
  to   space 1344K,   0% used [0x07700000, 0x07700000, 0x07850000)
 tenured generation   total 27792K, used 17505K [0x0c150000, 0x0dc74000, 0x16c00000)
   the space 27792K,  62% used [0x0c150000, 0x0d268660, 0x0d268800, 0x0dc74000)
 Metaspace       used 9578K, capacity 9802K, committed 9856K, reserved 10624K
Event: 10891.515 GC heap after
Heap after GC invocations=1107 (full 56):
 def new generation   total 12608K, used 1344K [0x06c00000, 0x079a0000, 0x0c150000)
  eden space 11264K,   0% used [0x06c00000, 0x06c00000, 0x07700000)
  from space 1344K, 100% used [0x07700000, 0x07850000, 0x07850000)
  to   space 1344K,   0% used [0x07850000, 0x07850000, 0x079a0000)
 tenured generation   total 27792K, used 18555K [0x0c150000, 0x0dc74000, 0x16c00000)
   the space 27792K,  66% used [0x0c150000, 0x0d36ef28, 0x0d36f000, 0x0dc74000)
 Metaspace       used 9578K, capacity 9802K, committed 9856K, reserved 10624K
}
Event: 10892.095 GC heap before
{Heap before GC invocations=1107 (full 56):
 def new generation   total 12608K, used 1911K [0x06c00000, 0x079a0000, 0x0c150000)
  eden space 11264K,   5% used [0x06c00000, 0x06c8dfd0, 0x07700000)
  from space 1344K, 100% used [0x07700000, 0x07850000, 0x07850000)
  to   space 1344K,   0% used [0x07850000, 0x07850000, 0x079a0000)
 tenured generation   total 27792K, used 18555K [0x0c150000, 0x0dc74000, 0x16c00000)
   the space 27792K,  66% used [0x0c150000, 0x0d36ef28, 0x0d36f000, 0x0dc74000)
 Metaspace       used 9578K, capacity 9802K, committed 9856K, reserved 10624K

